101.12.13 16:01 B C:\LVP Website\cpluspc\Access.log <-- LVPWebSite /home/servers/lvp.com/pages/data/cpluspc Access.log
101.12.13 16:01 B C:\LVP Website\cpluspc\ask-not.txt <-- LVPWebSite /home/servers/lvp.com/pages/data/cpluspc ask-not.txt
101.12.13 16:01 B C:\LVP Website\cpluspc\BOOL.CPP <-- LVPWebSite /home/servers/lvp.com/pages/data/cpluspc BOOL.CPP
101.12.13 16:01 B C:\LVP Website\cpluspc\Bool.h <-- LVPWebSite /home/servers/lvp.com/pages/data/cpluspc Bool.h
101.12.13 16:01 B C:\LVP Website\cpluspc\CIRCLE.CPP <-- LVPWebSite /home/servers/lvp.com/pages/data/cpluspc CIRCLE.CPP
101.12.13 16:01 B C:\LVP Website\cpluspc\CIRCLE.H <-- LVPWebSite /home/servers/lvp.com/pages/data/cpluspc CIRCLE.H
101.12.13 16:01 B C:\LVP Website\cpluspc\COLLEGE.CPP <-- LVPWebSite /home/servers/lvp.com/pages/data/cpluspc COLLEGE.CPP
101.12.13 16:01 B C:\LVP Website\cpluspc\COLLEGE.H <-- LVPWebSite /home/servers/lvp.com/pages/data/cpluspc COLLEGE.H
101.12.13 16:01 B C:\LVP Website\cpluspc\colleges.txt <-- LVPWebSite /home/servers/lvp.com/pages/data/cpluspc colleges.txt
101.12.13 16:01 B C:\LVP Website\cpluspc\composer.txt <-- LVPWebSite /home/servers/lvp.com/pages/data/cpluspc composer.txt
101.12.13 16:01 B C:\LVP Website\cpluspc\Gui_bot.h <-- LVPWebSite /home/servers/lvp.com/pages/data/cpluspc Gui_bot.h
101.12.13 16:01 B C:\LVP Website\cpluspc\Gui_top.h <-- LVPWebSite /home/servers/lvp.com/pages/data/cpluspc Gui_top.h
101.12.13 16:01 B C:\LVP Website\cpluspc\matrix.cpp <-- LVPWebSite /home/servers/lvp.com/pages/data/cpluspc matrix.cpp
101.12.13 16:01 B C:\LVP Website\cpluspc\matrix.h <-- LVPWebSite /home/servers/lvp.com/pages/data/cpluspc matrix.h
101.12.13 16:01 B C:\LVP Website\cpluspc\pegclass.cpp <-- LVPWebSite /home/servers/lvp.com/pages/data/cpluspc pegclass.cpp
101.12.13 16:01 B C:\LVP Website\cpluspc\pegclass.h <-- LVPWebSite /home/servers/lvp.com/pages/data/cpluspc pegclass.h
101.12.13 16:01 B C:\LVP Website\cpluspc\queue.cpp <-- LVPWebSite /home/servers/lvp.com/pages/data/cpluspc queue.cpp
101.12.13 16:01 B C:\LVP Website\cpluspc\queue.h <-- LVPWebSite /home/servers/lvp.com/pages/data/cpluspc queue.h
101.12.13 16:01 B C:\LVP Website\cpluspc\quick.txt <-- LVPWebSite /home/servers/lvp.com/pages/data/cpluspc quick.txt
101.12.13 16:01 B C:\LVP Website\cpluspc\RANDOM.H <-- LVPWebSite /home/servers/lvp.com/pages/data/cpluspc RANDOM.H
101.12.13 16:01 B C:\LVP Website\cpluspc\readme.txt <-- LVPWebSite /home/servers/lvp.com/pages/data/cpluspc readme.txt
101.12.13 16:01 B C:\LVP Website\cpluspc\scores.dat <-- LVPWebSite /home/servers/lvp.com/pages/data/cpluspc scores.dat
101.12.13 16:01 B C:\LVP Website\cpluspc\slide.dat <-- LVPWebSite /home/servers/lvp.com/pages/data/cpluspc slide.dat
101.12.13 16:01 B C:\LVP Website\cpluspc\stack.cpp <-- LVPWebSite /home/servers/lvp.com/pages/data/cpluspc stack.cpp
101.12.13 16:01 B C:\LVP Website\cpluspc\stack.h <-- LVPWebSite /home/servers/lvp.com/pages/data/cpluspc stack.h
101.12.13 16:01 B C:\LVP Website\cpluspc\stopwat.h <-- LVPWebSite /home/servers/lvp.com/pages/data/cpluspc stopwat.h
101.12.13 16:01 B C:\LVP Website\cpluspc\string.cpp <-- LVPWebSite /home/servers/lvp.com/pages/data/cpluspc string.cpp
101.12.13 16:01 B C:\LVP Website\cpluspc\string.h <-- LVPWebSite /home/servers/lvp.com/pages/data/cpluspc string.h
101.12.13 16:01 B C:\LVP Website\cpluspc\Toplist.cpp <-- LVPWebSite /home/servers/lvp.com/pages/data/cpluspc Toplist.cpp
101.12.13 16:01 B C:\LVP Website\cpluspc\TOPLIST.H <-- LVPWebSite /home/servers/lvp.com/pages/data/cpluspc TOPLIST.H
101.12.13 16:01 B C:\LVP Website\cpluspc\vector.cpp <-- LVPWebSite /home/servers/lvp.com/pages/data/cpluspc vector.cpp
101.12.13 16:01 B C:\LVP Website\cpluspc\vector.h <-- LVPWebSite /home/servers/lvp.com/pages/data/cpluspc vector.h
